[ 2015-08-27T16:15:37+08:00 ] 127.0.0.1 /tp/Public/js/vendor/modernizr-2.6.2-respond-1.1.0.min.js
INFO: [ app_init ] --START--
INFO: Run Behavior\BuildLiteBehavior [ RunTime:0.000000s ]
INFO: [ app_init ] --END-- [ RunTime:0.001000s ]
ERR: 无法加载模块:Public

[ 2015-08-27T16:58:39+08:00 ] 127.0.0.1 /tp/Public/js/vendor/modernizr-2.6.2-respond-1.1.0.min.js
INFO: [ app_init ] --START--
INFO: Run Behavior\BuildLiteBehavior [ RunTime:0.000000s ]
INFO: [ app_init ] --END-- [ RunTime:0.001000s ]
ERR: 无法加载模块:Public

[ 2015-08-27T16:58:53+08:00 ] 127.0.0.1 /tp/Public/js/vendor/modernizr-2.6.2-respond-1.1.0.min.js
INFO: [ app_init ] --START--
INFO: Run Behavior\BuildLiteBehavior [ RunTime:0.000000s ]
INFO: [ app_init ] --END-- [ RunTime:0.001000s ]
ERR: 无法加载模块:Public

[ 2015-08-27T17:11:44+08:00 ] 127.0.0.1 /tp/Public/js/vendor/modernizr-2.6.2-respond-1.1.0.min.js
INFO: [ app_init ] --START--
INFO: Run Behavior\BuildLiteBehavior [ RunTime:0.000000s ]
INFO: [ app_init ] --END-- [ RunTime:0.001000s ]
ERR: 无法加载模块:Public

[ 2015-08-27T17:13:40+08:00 ] 127.0.0.1 /tp/Public/js/vendor/modernizr-2.6.2-respond-1.1.0.min.js
INFO: [ app_init ] --START--
INFO: Run Behavior\BuildLiteBehavior [ RunTime:0.000000s ]
INFO: [ app_init ] --END-- [ RunTime:0.001001s ]
ERR: 无法加载模块:Public

[ 2015-08-27T17:14:44+08:00 ] 127.0.0.1 /tp/Public/js/vendor/modernizr-2.6.2-respond-1.1.0.min.js
INFO: [ app_init ] --START--
INFO: Run Behavior\BuildLiteBehavior [ RunTime:0.000000s ]
INFO: [ app_init ] --END-- [ RunTime:0.001000s ]
ERR: 无法加载模块:Public

[ 2015-08-27T17:15:09+08:00 ] 127.0.0.1 /tp/Public/js/vendor/modernizr-2.6.2-respond-1.1.0.min.js
INFO: [ app_init ] --START--
INFO: Run Behavior\BuildLiteBehavior [ RunTime:0.000000s ]
INFO: [ app_init ] --END-- [ RunTime:0.001000s ]
ERR: 无法加载模块:Public

[ 2015-08-27T17:17:10+08:00 ] 127.0.0.1 /tp/Public/js/vendor/modernizr-2.6.2-respond-1.1.0.min.js
INFO: [ app_init ] --START--
INFO: Run Behavior\BuildLiteBehavior [ RunTime:0.000000s ]
INFO: [ app_init ] --END-- [ RunTime:0.001000s ]
ERR: 无法加载模块:Public

[ 2015-08-27T17:21:21+08:00 ] 127.0.0.1 /tp/Public/js/vendor/modernizr-2.6.2-respond-1.1.0.min.js
INFO: [ app_init ] --START--
INFO: Run Behavior\BuildLiteBehavior [ RunTime:0.000000s ]
INFO: [ app_init ] --END-- [ RunTime:0.001000s ]
ERR: 无法加载模块:Public

[ 2015-08-27T17:22:38+08:00 ] 127.0.0.1 /tp/Public/js/vendor/modernizr-2.6.2-respond-1.1.0.min.js
INFO: [ app_init ] --START--
INFO: Run Behavior\BuildLiteBehavior [ RunTime:0.000000s ]
INFO: [ app_init ] --END-- [ RunTime:0.000000s ]
ERR: 无法加载模块:Public

